<?xml version="1.0" encoding="UTF-8"?>
<!-- Generated by org.testng.reporters.JUnitReportReporter -->
<testsuite hostname="Aim_For_Dream" failures="0" tests="1" name="scripts.Testcase1" time="3.997" errors="0" timestamp="2022-09-10T19:24:00 IST" skipped="0">
  <testcase classname="scripts.Testcase1" name="tc1" time="3.997"/>
  <system-out/>
</testsuite> <!-- scripts.Testcase1 -->
